#-----------------------------------------------------------
# Vivado v2017.4 (64-bit)
# SW Build 2086221 on Fri Dec 15 20:55:39 MST 2017
# IP Build 2085800 on Fri Dec 15 22:25:07 MST 2017
# Start of session at: Fri Dec 29 11:11:46 2023
# Process ID: 37668
# Current directory: C:/Vivado/Final_Project
# Command line: vivado.exe -gui_launcher_event rodinguilauncherevent35352 C:\Vivado\Final_Project\Final_Project.xpr
# Log file: C:/Vivado/Final_Project/vivado.log
# Journal file: C:/Vivado/Final_Project\vivado.jou
#-----------------------------------------------------------
start_gui
open_project C:/Vivado/Final_Project/Final_Project.xpr
Scanning sources...
Finished scanning sources
INFO: [IP_Flow 19-234] Refreshing IP repositories
INFO: [IP_Flow 19-1704] No user IP repositories specified
INFO: [IP_Flow 19-2313] Loaded Vivado IP repository 'C:/Vivado/Vivado/2017.4/data/ip'.
update_compile_order -fileset sources_1
export_ip_user_files -of_objects  [get_files C:/Vivado/Final_Project/Final_Project.srcs/sources_1/ip/floating_point_0/floating_point_0.xci] -no_script -reset -force -quiet
remove_files  -fileset floating_point_0 C:/Vivado/Final_Project/Final_Project.srcs/sources_1/ip/floating_point_0/floating_point_0.xci
INFO: [Project 1-386] Moving file 'C:/Vivado/Final_Project/Final_Project.srcs/sources_1/ip/floating_point_0/floating_point_0.xci' from fileset 'floating_point_0' to fileset 'sources_1'.
export_ip_user_files -of_objects  [get_files C:/Vivado/Final_Project/Final_Project.srcs/sources_1/ip/floating_point_1/floating_point_1.xci] -no_script -reset -force -quiet
remove_files  -fileset floating_point_1 C:/Vivado/Final_Project/Final_Project.srcs/sources_1/ip/floating_point_1/floating_point_1.xci
INFO: [Project 1-386] Moving file 'C:/Vivado/Final_Project/Final_Project.srcs/sources_1/ip/floating_point_1/floating_point_1.xci' from fileset 'floating_point_1' to fileset 'sources_1'.
exit
INFO: [Common 17-206] Exiting Vivado at Fri Dec 29 11:12:48 2023...
