
*** Running vivado
    with args -log floating_point_1.vds -m64 -product Vivado -mode batch -messageDb vivado.pb -notrace -source floating_point_1.tcl


****** Vivado v2017.4 (64-bit)
  **** SW Build 2086221 on Fri Dec 15 20:55:39 MST 2017
  **** IP Build 2085800 on Fri Dec 15 22:25:07 MST 2017
    ** Copyright 1986-2017 Xilinx, Inc. All Rights Reserved.

source floating_point_1.tcl -notrace
Command: synth_design -top floating_point_1 -part xc7a100tcsg324-1 -mode out_of_context
Starting synth_design
Attempting to get a license for feature 'Synthesis' and/or device 'xc7a100t'
INFO: [Common 17-349] Got license for feature 'Synthesis' and/or device 'xc7a100t'
INFO: Launching helper process for spawning children vivado processes
INFO: Helper process launched with PID 31940 
---------------------------------------------------------------------------------
Starting RTL Elaboration : Time (s): cpu = 00:00:02 ; elapsed = 00:00:07 . Memory (MB): peak = 354.434 ; gain = 99.402
---------------------------------------------------------------------------------
INFO: [Synth 8-638] synthesizing module 'floating_point_1' [c:/Vivado/Final_Project/Final_Project.srcs/sources_1/ip/floating_point_1/synth/floating_point_1.vhd:71]
	Parameter C_XDEVICEFAMILY bound to: artix7 - type: string 
	Parameter C_HAS_ADD bound to: 0 - type: integer 
	Parameter C_HAS_SUBTRACT bound to: 0 - type: integer 
	Parameter C_HAS_MULTIPLY bound to: 1 - type: integer 
	Parameter C_HAS_DIVIDE bound to: 0 - type: integer 
	Parameter C_HAS_SQRT bound to: 0 - type: integer 
	Parameter C_HAS_COMPARE bound to: 0 - type: integer 
	Parameter C_HAS_FIX_TO_FLT bound to: 0 - type: integer 
	Parameter C_HAS_FLT_TO_FIX bound to: 0 - type: integer 
	Parameter C_HAS_FLT_TO_FLT bound to: 0 - type: integer 
	Parameter C_HAS_RECIP bound to: 0 - type: integer 
	Parameter C_HAS_RECIP_SQRT bound to: 0 - type: integer 
	Parameter C_HAS_ABSOLUTE bound to: 0 - type: integer 
	Parameter C_HAS_LOGARITHM bound to: 0 - type: integer 
	Parameter C_HAS_EXPONENTIAL bound to: 0 - type: integer 
	Parameter C_HAS_FMA bound to: 0 - type: integer 
	Parameter C_HAS_FMS bound to: 0 - type: integer 
	Parameter C_HAS_ACCUMULATOR_A bound to: 0 - type: integer 
	Parameter C_HAS_ACCUMULATOR_S bound to: 0 - type: integer 
	Parameter C_A_WIDTH bound to: 32 - type: integer 
	Parameter C_A_FRACTION_WIDTH bound to: 24 - type: integer 
	Parameter C_B_WIDTH bound to: 32 - type: integer 
	Parameter C_B_FRACTION_WIDTH bound to: 24 - type: integer 
	Parameter C_C_WIDTH bound to: 32 - type: integer 
	Parameter C_C_FRACTION_WIDTH bound to: 24 - type: integer 
	Parameter C_RESULT_WIDTH bound to: 32 - type: integer 
	Parameter C_RESULT_FRACTION_WIDTH bound to: 24 - type: integer 
	Parameter C_COMPARE_OPERATION bound to: 8 - type: integer 
	Parameter C_LATENCY bound to: 8 - type: integer 
	Parameter C_OPTIMIZATION bound to: 1 - type: integer 
	Parameter C_MULT_USAGE bound to: 1 - type: integer 
	Parameter C_BRAM_USAGE bound to: 0 - type: integer 
	Parameter C_RATE bound to: 1 - type: integer 
	Parameter C_ACCUM_INPUT_MSB bound to: 32 - type: integer 
	Parameter C_ACCUM_MSB bound to: 32 - type: integer 
	Parameter C_ACCUM_LSB bound to: -31 - type: integer 
	Parameter C_HAS_UNDERFLOW bound to: 0 - type: integer 
	Parameter C_HAS_OVERFLOW bound to: 0 - type: integer 
	Parameter C_HAS_INVALID_OP bound to: 0 - type: integer 
	Parameter C_HAS_DIVIDE_BY_ZERO bound to: 0 - type: integer 
	Parameter C_HAS_ACCUM_OVERFLOW bound to: 0 - type: integer 
	Parameter C_HAS_ACCUM_INPUT_OVERFLOW bound to: 0 - type: integer 
	Parameter C_HAS_ACLKEN bound to: 0 - type: integer 
	Parameter C_HAS_ARESETN bound to: 0 - type: integer 
	Parameter C_THROTTLE_SCHEME bound to: 3 - type: integer 
	Parameter C_HAS_A_TUSER bound to: 0 - type: integer 
	Parameter C_HAS_A_TLAST bound to: 0 - type: integer 
	Parameter C_HAS_B bound to: 1 - type: integer 
	Parameter C_HAS_B_TUSER bound to: 0 - type: integer 
	Parameter C_HAS_B_TLAST bound to: 0 - type: integer 
	Parameter C_HAS_C bound to: 0 - type: integer 
	Parameter C_HAS_C_TUSER bound to: 0 - type: integer 
	Parameter C_HAS_C_TLAST bound to: 0 - type: integer 
	Parameter C_HAS_OPERATION bound to: 0 - type: integer 
	Parameter C_HAS_OPERATION_TUSER bound to: 0 - type: integer 
	Parameter C_HAS_OPERATION_TLAST bound to: 0 - type: integer 
	Parameter C_HAS_RESULT_TUSER bound to: 0 - type: integer 
	Parameter C_HAS_RESULT_TLAST bound to: 0 - type: integer 
	Parameter C_TLAST_RESOLUTION bound to: 0 - type: integer 
	Parameter C_A_TDATA_WIDTH bound to: 32 - type: integer 
	Parameter C_A_TUSER_WIDTH bound to: 1 - type: integer 
	Parameter C_B_TDATA_WIDTH bound to: 32 - type: integer 
	Parameter C_B_TUSER_WIDTH bound to: 1 - type: integer 
	Parameter C_C_TDATA_WIDTH bound to: 32 - type: integer 
	Parameter C_C_TUSER_WIDTH bound to: 1 - type: integer 
	Parameter C_OPERATION_TDATA_WIDTH bound to: 8 - type: integer 
	Parameter C_OPERATION_TUSER_WIDTH bound to: 1 - type: integer 
	Parameter C_RESULT_TDATA_WIDTH bound to: 32 - type: integer 
	Parameter C_RESULT_TUSER_WIDTH bound to: 1 - type: integer 
	Parameter C_FIXED_DATA_UNSIGNED bound to: 0 - type: integer 
INFO: [Synth 8-3491] module 'floating_point_v7_1_5' declared at 'c:/Vivado/Final_Project/Final_Project.srcs/sources_1/ip/floating_point_1/hdl/floating_point_v7_1_vh_rfs.vhd:91604' bound to instance 'U0' of component 'floating_point_v7_1_5' [c:/Vivado/Final_Project/Final_Project.srcs/sources_1/ip/floating_point_1/synth/floating_point_1.vhd:200]
INFO: [Synth 8-256] done synthesizing module 'floating_point_1' (22#1) [c:/Vivado/Final_Project/Final_Project.srcs/sources_1/ip/floating_point_1/synth/floating_point_1.vhd:71]
WARNING: [Synth 8-3331] design flt_dec_op_lat has unconnected port DEC_OP_STATE[11]
WARNING: [Synth 8-3331] design flt_dec_op_lat has unconnected port DEC_OP_STATE[10]
WARNING: [Synth 8-3331] design flt_dec_op_lat has unconnected port DEC_OP_STATE[9]
WARNING: [Synth 8-3331] design flt_dec_op_lat has unconnected port DEC_OP_STATE[8]
WARNING: [Synth 8-3331] design flt_dec_op_lat has unconnected port DIVIDE_BY_ZERO_IN
WARNING: [Synth 8-3331] design xbip_pipe_v3_0_4_viv__parameterized49 has unconnected port CLK
WARNING: [Synth 8-3331] design xbip_pipe_v3_0_4_viv__parameterized49 has unconnected port CE
WARNING: [Synth 8-3331] design xbip_pipe_v3_0_4_viv__parameterized49 has unconnected port SCLR
WARNING: [Synth 8-3331] design xbip_pipe_v3_0_4_viv__parameterized49 has unconnected port SSET
WARNING: [Synth 8-3331] design xbip_pipe_v3_0_4_viv__parameterized49 has unconnected port SINIT
WARNING: [Synth 8-3331] design carry_chain__parameterized4 has unconnected port B[7]
WARNING: [Synth 8-3331] design xbip_pipe_v3_0_4_viv__parameterized9 has unconnected port CLK
WARNING: [Synth 8-3331] design xbip_pipe_v3_0_4_viv__parameterized9 has unconnected port CE
WARNING: [Synth 8-3331] design xbip_pipe_v3_0_4_viv__parameterized9 has unconnected port SCLR
WARNING: [Synth 8-3331] design xbip_pipe_v3_0_4_viv__parameterized9 has unconnected port SSET
WARNING: [Synth 8-3331] design xbip_pipe_v3_0_4_viv__parameterized9 has unconnected port SINIT
WARNING: [Synth 8-3331] design xbip_pipe_v3_0_4_viv__parameterized57 has unconnected port SCLR
WARNING: [Synth 8-3331] design xbip_pipe_v3_0_4_viv__parameterized57 has unconnected port SSET
WARNING: [Synth 8-3331] design xbip_pipe_v3_0_4_viv__parameterized57 has unconnected port SINIT
WARNING: [Synth 8-3331] design xbip_pipe_v3_0_4_viv__parameterized55 has unconnected port SCLR
WARNING: [Synth 8-3331] design xbip_pipe_v3_0_4_viv__parameterized55 has unconnected port SSET
WARNING: [Synth 8-3331] design xbip_pipe_v3_0_4_viv__parameterized55 has unconnected port SINIT
WARNING: [Synth 8-3331] design xbip_pipe_v3_0_4_viv__parameterized53 has unconnected port CLK
WARNING: [Synth 8-3331] design xbip_pipe_v3_0_4_viv__parameterized53 has unconnected port CE
WARNING: [Synth 8-3331] design xbip_pipe_v3_0_4_viv__parameterized53 has unconnected port SCLR
WARNING: [Synth 8-3331] design xbip_pipe_v3_0_4_viv__parameterized53 has unconnected port SSET
WARNING: [Synth 8-3331] design xbip_pipe_v3_0_4_viv__parameterized53 has unconnected port SINIT
WARNING: [Synth 8-3331] design xbip_pipe_v3_0_4_viv__parameterized47 has unconnected port SCLR
WARNING: [Synth 8-3331] design xbip_pipe_v3_0_4_viv__parameterized47 has unconnected port SSET
WARNING: [Synth 8-3331] design xbip_pipe_v3_0_4_viv__parameterized47 has unconnected port SINIT
WARNING: [Synth 8-3331] design xbip_pipe_v3_0_4_viv__parameterized45 has unconnected port CLK
WARNING: [Synth 8-3331] design xbip_pipe_v3_0_4_viv__parameterized45 has unconnected port CE
WARNING: [Synth 8-3331] design xbip_pipe_v3_0_4_viv__parameterized45 has unconnected port SCLR
WARNING: [Synth 8-3331] design xbip_pipe_v3_0_4_viv__parameterized45 has unconnected port SSET
WARNING: [Synth 8-3331] design xbip_pipe_v3_0_4_viv__parameterized45 has unconnected port SINIT
WARNING: [Synth 8-3331] design xbip_pipe_v3_0_4_viv__parameterized43 has unconnected port CLK
WARNING: [Synth 8-3331] design xbip_pipe_v3_0_4_viv__parameterized43 has unconnected port CE
WARNING: [Synth 8-3331] design xbip_pipe_v3_0_4_viv__parameterized43 has unconnected port SCLR
WARNING: [Synth 8-3331] design xbip_pipe_v3_0_4_viv__parameterized43 has unconnected port SSET
WARNING: [Synth 8-3331] design xbip_pipe_v3_0_4_viv__parameterized43 has unconnected port SINIT
WARNING: [Synth 8-3331] design flt_round_bit has unconnected port NORMALIZE[1]
WARNING: [Synth 8-3331] design flt_round_bit has unconnected port FIXED_POINT
WARNING: [Synth 8-3331] design flt_round_bit has unconnected port FIX_MANT_SIGN
WARNING: [Synth 8-3331] design flt_round_bit has unconnected port SIGN
WARNING: [Synth 8-3331] design xbip_pipe_v3_0_4_viv__parameterized51 has unconnected port CLK
WARNING: [Synth 8-3331] design xbip_pipe_v3_0_4_viv__parameterized51 has unconnected port CE
WARNING: [Synth 8-3331] design xbip_pipe_v3_0_4_viv__parameterized51 has unconnected port SCLR
WARNING: [Synth 8-3331] design xbip_pipe_v3_0_4_viv__parameterized51 has unconnected port SSET
WARNING: [Synth 8-3331] design xbip_pipe_v3_0_4_viv__parameterized51 has unconnected port SINIT
WARNING: [Synth 8-3331] design xbip_pipe_v3_0_4_viv__parameterized41 has unconnected port CLK
WARNING: [Synth 8-3331] design xbip_pipe_v3_0_4_viv__parameterized41 has unconnected port CE
WARNING: [Synth 8-3331] design xbip_pipe_v3_0_4_viv__parameterized41 has unconnected port SCLR
WARNING: [Synth 8-3331] design xbip_pipe_v3_0_4_viv__parameterized41 has unconnected port SSET
WARNING: [Synth 8-3331] design xbip_pipe_v3_0_4_viv__parameterized41 has unconnected port SINIT
WARNING: [Synth 8-3331] design xbip_pipe_v3_0_4_viv__parameterized39 has unconnected port CLK
WARNING: [Synth 8-3331] design xbip_pipe_v3_0_4_viv__parameterized39 has unconnected port CE
WARNING: [Synth 8-3331] design xbip_pipe_v3_0_4_viv__parameterized39 has unconnected port SCLR
WARNING: [Synth 8-3331] design xbip_pipe_v3_0_4_viv__parameterized39 has unconnected port SSET
WARNING: [Synth 8-3331] design xbip_pipe_v3_0_4_viv__parameterized39 has unconnected port SINIT
WARNING: [Synth 8-3331] design flt_mult_round has unconnected port MANT_CASC_IN[47]
WARNING: [Synth 8-3331] design flt_mult_round has unconnected port MANT_CASC_IN[46]
WARNING: [Synth 8-3331] design flt_mult_round has unconnected port MANT_CASC_IN[45]
WARNING: [Synth 8-3331] design flt_mult_round has unconnected port MANT_CASC_IN[44]
WARNING: [Synth 8-3331] design flt_mult_round has unconnected port MANT_CASC_IN[43]
WARNING: [Synth 8-3331] design flt_mult_round has unconnected port MANT_CASC_IN[42]
WARNING: [Synth 8-3331] design flt_mult_round has unconnected port MANT_CASC_IN[41]
WARNING: [Synth 8-3331] design flt_mult_round has unconnected port MANT_CASC_IN[40]
WARNING: [Synth 8-3331] design flt_mult_round has unconnected port MANT_CASC_IN[39]
WARNING: [Synth 8-3331] design flt_mult_round has unconnected port MANT_CASC_IN[38]
WARNING: [Synth 8-3331] design flt_mult_round has unconnected port MANT_CASC_IN[37]
WARNING: [Synth 8-3331] design flt_mult_round has unconnected port MANT_CASC_IN[36]
WARNING: [Synth 8-3331] design flt_mult_round has unconnected port MANT_CASC_IN[35]
WARNING: [Synth 8-3331] design flt_mult_round has unconnected port MANT_CASC_IN[34]
WARNING: [Synth 8-3331] design flt_mult_round has unconnected port MANT_CASC_IN[33]
WARNING: [Synth 8-3331] design flt_mult_round has unconnected port MANT_CASC_IN[32]
WARNING: [Synth 8-3331] design flt_mult_round has unconnected port MANT_CASC_IN[31]
WARNING: [Synth 8-3331] design flt_mult_round has unconnected port MANT_CASC_IN[30]
WARNING: [Synth 8-3331] design flt_mult_round has unconnected port MANT_CASC_IN[29]
WARNING: [Synth 8-3331] design flt_mult_round has unconnected port MANT_CASC_IN[28]
WARNING: [Synth 8-3331] design flt_mult_round has unconnected port MANT_CASC_IN[27]
WARNING: [Synth 8-3331] design flt_mult_round has unconnected port MANT_CASC_IN[26]
WARNING: [Synth 8-3331] design flt_mult_round has unconnected port MANT_CASC_IN[25]
WARNING: [Synth 8-3331] design flt_mult_round has unconnected port MANT_CASC_IN[24]
WARNING: [Synth 8-3331] design flt_mult_round has unconnected port MANT_CASC_IN[23]
WARNING: [Synth 8-3331] design flt_mult_round has unconnected port MANT_CASC_IN[22]
WARNING: [Synth 8-3331] design flt_mult_round has unconnected port MANT_CASC_IN[21]
WARNING: [Synth 8-3331] design flt_mult_round has unconnected port MANT_CASC_IN[20]
WARNING: [Synth 8-3331] design flt_mult_round has unconnected port MANT_CASC_IN[19]
WARNING: [Synth 8-3331] design flt_mult_round has unconnected port MANT_CASC_IN[18]
WARNING: [Synth 8-3331] design flt_mult_round has unconnected port MANT_CASC_IN[17]
WARNING: [Synth 8-3331] design flt_mult_round has unconnected port MANT_CASC_IN[16]
WARNING: [Synth 8-3331] design flt_mult_round has unconnected port MANT_CASC_IN[15]
WARNING: [Synth 8-3331] design flt_mult_round has unconnected port MANT_CASC_IN[14]
WARNING: [Synth 8-3331] design flt_mult_round has unconnected port MANT_CASC_IN[13]
WARNING: [Synth 8-3331] design flt_mult_round has unconnected port MANT_CASC_IN[12]
WARNING: [Synth 8-3331] design flt_mult_round has unconnected port MANT_CASC_IN[11]
WARNING: [Synth 8-3331] design flt_mult_round has unconnected port MANT_CASC_IN[10]
WARNING: [Synth 8-3331] design flt_mult_round has unconnected port MANT_CASC_IN[9]
WARNING: [Synth 8-3331] design flt_mult_round has unconnected port MANT_CASC_IN[8]
WARNING: [Synth 8-3331] design flt_mult_round has unconnected port MANT_CASC_IN[7]
INFO: [Common 17-14] Message 'Synth 8-3331' appears 100 times and further instances of the messages will be disabled. Use the Tcl command set_msg_config to change the current settings.
---------------------------------------------------------------------------------
Finished RTL Elaboration : Time (s): cpu = 00:00:06 ; elapsed = 00:00:15 . Memory (MB): peak = 502.496 ; gain = 247.465
---------------------------------------------------------------------------------

Report Check Netlist: 
+------+------------------+-------+---------+-------+------------------+
|      |Item              |Errors |Warnings |Status |Description       |
+------+------------------+-------+---------+-------+------------------+
|1     |multi_driven_nets |      0|        0|Passed |Multi driven nets |
+------+------------------+-------+---------+-------+------------------+
---------------------------------------------------------------------------------
Finished RTL Optimization Phase 1 : Time (s): cpu = 00:00:06 ; elapsed = 00:00:16 . Memory (MB): peak = 502.496 ; gain = 247.465
---------------------------------------------------------------------------------
INFO: [Netlist 29-17] Analyzing 325 Unisim elements for replacement
INFO: [Netlist 29-28] Unisim Transformation completed in 0 CPU seconds
INFO: [Device 21-403] Loading part xc7a100tcsg324-1
INFO: [Project 1-570] Preparing netlist for logic optimization

Processing XDC Constraints
Initializing timing engine
Parsing XDC File [c:/Vivado/Final_Project/Final_Project.srcs/sources_1/ip/floating_point_1/floating_point_1_ooc.xdc] for cell 'U0'
Finished Parsing XDC File [c:/Vivado/Final_Project/Final_Project.srcs/sources_1/ip/floating_point_1/floating_point_1_ooc.xdc] for cell 'U0'
Parsing XDC File [C:/Vivado/Final_Project/Final_Project.runs/floating_point_1_synth_1/dont_touch.xdc]
Finished Parsing XDC File [C:/Vivado/Final_Project/Final_Project.runs/floating_point_1_synth_1/dont_touch.xdc]
Completed Processing XDC Constraints

INFO: [Project 1-111] Unisim Transformation Summary:
  A total of 79 instances were transformed.
  FDE => FDRE: 4 instances
  MULT_AND => LUT2: 75 instances

Constraint Validation Runtime : Time (s): cpu = 00:00:00 ; elapsed = 00:00:00.017 . Memory (MB): peak = 688.008 ; gain = 0.047
---------------------------------------------------------------------------------
Finished Constraint Validation : Time (s): cpu = 00:00:10 ; elapsed = 00:00:27 . Memory (MB): peak = 688.008 ; gain = 432.977
---------------------------------------------------------------------------------
---------------------------------------------------------------------------------
Start Loading Part and Timing Information
---------------------------------------------------------------------------------
Loading part: xc7a100tcsg324-1
---------------------------------------------------------------------------------
Finished Loading Part and Timing Information : Time (s): cpu = 00:00:10 ; elapsed = 00:00:27 . Memory (MB): peak = 688.008 ; gain = 432.977
---------------------------------------------------------------------------------
---------------------------------------------------------------------------------
Start Applying 'set_property' XDC Constraints
---------------------------------------------------------------------------------
Applied set_property DONT_TOUCH = true for U0. (constraint file  C:/Vivado/Final_Project/Final_Project.runs/floating_point_1_synth_1/dont_touch.xdc, line 9).
---------------------------------------------------------------------------------
Finished applying 'set_property' XDC Constraints : Time (s): cpu = 00:00:10 ; elapsed = 00:00:27 . Memory (MB): peak = 688.008 ; gain = 432.977
---------------------------------------------------------------------------------
INFO: [Synth 8-5546] ROM "zero_detect_i" won't be mapped to RAM because it is too sparse
INFO: [Synth 8-5546] ROM "exp_all_one_ip" won't be mapped to RAM because it is too sparse
INFO: [Synth 8-5546] ROM "exp_all_zero_ip" won't be mapped to RAM because it is too sparse
INFO: [Synth 8-5546] ROM "exp_just_over_sig" won't be mapped to RAM because it is too sparse
INFO: [Synth 8-5546] ROM "flow_sig" won't be mapped to RAM because it is too sparse
INFO: [Synth 8-5546] ROM "flow_sig" won't be mapped to RAM because it is too sparse
INFO: [Synth 8-5546] ROM "exp_just_over_sig" won't be mapped to RAM because it is too sparse
INFO: [Synth 8-5546] ROM "flow_sig" won't be mapped to RAM because it is too sparse
INFO: [Synth 8-5546] ROM "flow_sig" won't be mapped to RAM because it is too sparse
INFO: [Synth 8-5544] ROM "state_int_up" won't be mapped to Block RAM because address size (1) smaller than threshold (5)
---------------------------------------------------------------------------------
Finished RTL Optimization Phase 2 : Time (s): cpu = 00:00:11 ; elapsed = 00:00:28 . Memory (MB): peak = 688.008 ; gain = 432.977
---------------------------------------------------------------------------------
INFO: [Synth 8-223] decloning instance 'U0/i_synth/DELAY_DIVIDE_BY_ZERO' (delay__parameterized13) to 'U0/i_synth/DELAY_ACCUM_OVERFLOW'
INFO: [Synth 8-223] decloning instance 'U0/i_synth/DELAY_DIVIDE_BY_ZERO' (delay__parameterized13) to 'U0/i_synth/DELAY_ACCUM_INPUT_OVERFLOW'
INFO: [Synth 8-223] decloning instance 'U0/i_synth/MULT.OP/R_AND_R/LOGIC.R_AND_R/EXTRA_LSB_BIT_DEL' (delay__parameterized13) to 'U0/i_synth/MULT.OP/R_AND_R/LOGIC.R_AND_R/EXTRA_LSB_RND1_DEL'
INFO: [Synth 8-223] decloning instance 'U0/i_synth/MULT.OP/R_AND_R/LOGIC.R_AND_R/EXP_INC_DELAY' (delay__parameterized13) to 'U0/i_synth/MULT.OP/R_AND_R/LOGIC.R_AND_R/EXP_INC_RND1_DELAY'
INFO: [Synth 8-223] decloning instance 'U0/i_synth/MULT.OP/R_AND_R/LOGIC.R_AND_R/NORMALIZE_DEL' (delay__parameterized23) to 'U0/i_synth/MULT.OP/R_AND_R/LOGIC.R_AND_R/NORMALIZE_RND1_DEL'

Report RTL Partitions: 
+-+--------------+------------+----------+
| |RTL Partition |Replication |Instances |
+-+--------------+------------+----------+
+-+--------------+------------+----------+
---------------------------------------------------------------------------------
Start RTL Component Statistics 
---------------------------------------------------------------------------------
---------------------------------------------------------------------------------
Finished RTL Component Statistics 
---------------------------------------------------------------------------------
---------------------------------------------------------------------------------
Start RTL Hierarchical Component Statistics 
---------------------------------------------------------------------------------
---------------------------------------------------------------------------------
Finished RTL Hierarchical Component Statistics
---------------------------------------------------------------------------------
---------------------------------------------------------------------------------
Start Part Resource Summary
---------------------------------------------------------------------------------
Part Resources:
DSPs: 240 (col length:80)
BRAMs: 270 (col length: RAMB18 80 RAMB36 40)
---------------------------------------------------------------------------------
Finished Part Resource Summary
---------------------------------------------------------------------------------
---------------------------------------------------------------------------------
Start Cross Boundary and Area Optimization
---------------------------------------------------------------------------------
INFO: [Synth 8-5546] ROM "gDSP.gHYBRID.iHYBRID/zero_detect_i" won't be mapped to RAM because it is too sparse
INFO: [Synth 8-5546] ROM "MULT.OP/EXP/COND_DET_A/exp_all_one_ip" won't be mapped to RAM because it is too sparse
INFO: [Synth 8-5546] ROM "MULT.OP/EXP/COND_DET_A/exp_all_zero_ip" won't be mapped to RAM because it is too sparse
INFO: [Synth 8-5546] ROM "MULT.OP/EXP/COND_DET_B/exp_all_one_ip" won't be mapped to RAM because it is too sparse
INFO: [Synth 8-5546] ROM "MULT.OP/EXP/COND_DET_B/exp_all_zero_ip" won't be mapped to RAM because it is too sparse
INFO: [Synth 8-5546] ROM "MULT.OP/EXP/exp_just_over_sig" won't be mapped to RAM because it is too sparse
INFO: [Synth 8-5546] ROM "MULT.OP/EXP/flow_sig" won't be mapped to RAM because it is too sparse
INFO: [Synth 8-5546] ROM "MULT.OP/EXP/flow_sig" won't be mapped to RAM because it is too sparse
INFO: [Synth 8-3333] propagating constant 0 across sequential element (U0/i_synth/\MULT.OP/MULT/MULT_GEN_VARIANT.FIX_MULT/MULT /\gDSP.gHYBRID.iHYBRID/one_fabric_mult.iLUT/NxM_mult.pp_gen_pipeline.pp_gen_loop[0].b_is_odd.ai_reg_loop[24].ai_reg_reg[24] )
INFO: [Synth 8-3886] merging instance 'U0/i_synth/MULT.OP/MULT/MULT_GEN_VARIANT.FIX_MULT/MULT/gDSP.gHYBRID.iHYBRID/one_fabric_mult.iLUT/NxM_mult.stage_1_add.stage_1_pipeline.s1_add_out_reg[1][28]' (FDRE) to 'U0/i_synth/MULT.OP/MULT/MULT_GEN_VARIANT.FIX_MULT/MULT/gDSP.gHYBRID.iHYBRID/one_fabric_mult.iLUT/NxM_mult.stage_1_add.stage_1_pipeline.s1_add_out_reg[0][28]'
INFO: [Synth 8-3886] merging instance 'U0/i_synth/MULT.OP/MULT/MULT_GEN_VARIANT.FIX_MULT/MULT/gDSP.gHYBRID.iHYBRID/one_fabric_mult.iLUT/NxM_mult.stage_2_add.stage_2_pipeline.s2_add_out_reg[0][33]' (FDRE) to 'U0/i_synth/MULT.OP/MULT/MULT_GEN_VARIANT.FIX_MULT/MULT/gDSP.gHYBRID.iHYBRID/one_fabric_mult.iLUT/NxM_mult.stage_1_add.stage_1_pipeline.s1_add_out_reg[0][28]'
INFO: [Synth 8-3333] propagating constant 0 across sequential element (U0/i_synth/\MULT.OP/MULT/MULT_GEN_VARIANT.FIX_MULT/MULT /\gDSP.gHYBRID.iHYBRID/one_fabric_mult.iLUT/NxM_mult.stage_1_add.stage_1_pipeline.s1_add_out_reg[0][28] )
INFO: [Synth 8-3886] merging instance 'U0/i_synth/MULT.OP/MULT/MULT_GEN_VARIANT.FIX_MULT/MULT/gDSP.gHYBRID.iHYBRID/one_fabric_mult.block_predelay_a/d1.dout_i_reg[23]' (FDE) to 'U0/i_synth/MULT.OP/MULT/MULT_GEN_VARIANT.FIX_MULT/MULT/gDSP.gHYBRID.iHYBRID/one_fabric_mult.block_predelay_b/d1.dout_i_reg[16]'
INFO: [Synth 8-3886] merging instance 'U0/i_synth/MULT.OP/EXP/STATE_DEC_DELAY/i_pipe/opt_has_pipe.first_q_reg[4]' (FD) to 'U0/i_synth/MULT.OP/R_AND_R/LOGIC.R_AND_R/EXP_IN_DELAY.EXP_OFF_OP_DEL/i_pipe/opt_has_pipe.first_q_reg[6]'
INFO: [Synth 8-3886] merging instance 'U0/i_synth/MULT.OP/EXP/STATE_DEC_DELAY/i_pipe/opt_has_pipe.first_q_reg[10]' (FD) to 'U0/i_synth/MULT.OP/R_AND_R/LOGIC.R_AND_R/EXP_IN_DELAY.EXP_OFF_OP_DEL/i_pipe/opt_has_pipe.first_q_reg[6]'
INFO: [Synth 8-3886] merging instance 'U0/i_synth/MULT.OP/EXP/STATE_DEC_DELAY/i_pipe/opt_has_pipe.first_q_reg[8]' (FD) to 'U0/i_synth/MULT.OP/R_AND_R/LOGIC.R_AND_R/EXP_IN_DELAY.EXP_OFF_OP_DEL/i_pipe/opt_has_pipe.first_q_reg[6]'
INFO: [Synth 8-3886] merging instance 'U0/i_synth/MULT.OP/EXP/STATE_DEC_DELAY/i_pipe/opt_has_pipe.first_q_reg[11]' (FD) to 'U0/i_synth/MULT.OP/EXP/STATE_DEC_DELAY/i_pipe/opt_has_pipe.first_q_reg[5]'
INFO: [Synth 8-3886] merging instance 'U0/i_synth/MULT.OP/EXP/STATE_DEC_DELAY/i_pipe/opt_has_pipe.first_q_reg[9]' (FD) to 'U0/i_synth/MULT.OP/EXP/STATE_DEC_DELAY/i_pipe/opt_has_pipe.first_q_reg[5]'
INFO: [Synth 8-3886] merging instance 'U0/i_synth/MULT.OP/EXP/STATE_DEC_DELAY/i_pipe/opt_has_pipe.first_q_reg[12]' (FD) to 'U0/i_synth/MULT.OP/EXP/STATE_DEC_DELAY/i_pipe/opt_has_pipe.first_q_reg[0]'
INFO: [Synth 8-3886] merging instance 'U0/i_synth/MULT.OP/EXP/STATE_DEC_DELAY/i_pipe/opt_has_pipe.first_q_reg[13]' (FD) to 'U0/i_synth/MULT.OP/EXP/STATE_DEC_DELAY/i_pipe/opt_has_pipe.first_q_reg[1]'
INFO: [Synth 8-3886] merging instance 'U0/i_synth/MULT.OP/R_AND_R/LOGIC.R_AND_R/EXP_IN_DELAY.EXP_OFF_OP_DEL/i_pipe/opt_has_pipe.first_q_reg[0]' (FD) to 'U0/i_synth/MULT.OP/R_AND_R/LOGIC.R_AND_R/EXP_IN_DELAY.EXP_OFF_OP_DEL/i_pipe/opt_has_pipe.first_q_reg[6]'
INFO: [Synth 8-3886] merging instance 'U0/i_synth/MULT.OP/R_AND_R/LOGIC.R_AND_R/EXP_IN_DELAY.EXP_OFF_OP_DEL/i_pipe/opt_has_pipe.first_q_reg[1]' (FD) to 'U0/i_synth/MULT.OP/R_AND_R/LOGIC.R_AND_R/EXP_IN_DELAY.EXP_OFF_OP_DEL/i_pipe/opt_has_pipe.first_q_reg[6]'
INFO: [Synth 8-3886] merging instance 'U0/i_synth/MULT.OP/R_AND_R/LOGIC.R_AND_R/EXP_IN_DELAY.EXP_OFF_OP_DEL/i_pipe/opt_has_pipe.first_q_reg[2]' (FD) to 'U0/i_synth/MULT.OP/R_AND_R/LOGIC.R_AND_R/EXP_IN_DELAY.EXP_OFF_OP_DEL/i_pipe/opt_has_pipe.first_q_reg[6]'
INFO: [Synth 8-3886] merging instance 'U0/i_synth/MULT.OP/R_AND_R/LOGIC.R_AND_R/EXP_IN_DELAY.EXP_OFF_OP_DEL/i_pipe/opt_has_pipe.first_q_reg[3]' (FD) to 'U0/i_synth/MULT.OP/R_AND_R/LOGIC.R_AND_R/EXP_IN_DELAY.EXP_OFF_OP_DEL/i_pipe/opt_has_pipe.first_q_reg[6]'
INFO: [Synth 8-3886] merging instance 'U0/i_synth/MULT.OP/R_AND_R/LOGIC.R_AND_R/EXP_IN_DELAY.EXP_OFF_OP_DEL/i_pipe/opt_has_pipe.first_q_reg[4]' (FD) to 'U0/i_synth/MULT.OP/R_AND_R/LOGIC.R_AND_R/EXP_IN_DELAY.EXP_OFF_OP_DEL/i_pipe/opt_has_pipe.first_q_reg[6]'
INFO: [Synth 8-3886] merging instance 'U0/i_synth/MULT.OP/R_AND_R/LOGIC.R_AND_R/EXP_IN_DELAY.EXP_OFF_OP_DEL/i_pipe/opt_has_pipe.first_q_reg[5]' (FD) to 'U0/i_synth/MULT.OP/R_AND_R/LOGIC.R_AND_R/EXP_IN_DELAY.EXP_OFF_OP_DEL/i_pipe/opt_has_pipe.first_q_reg[6]'
INFO: [Synth 8-3886] merging instance 'U0/i_synth/MULT.OP/R_AND_R/LOGIC.R_AND_R/EXP_IN_DELAY.EXP_OFF_OP_DEL/i_pipe/opt_has_pipe.first_q_reg[6]' (FD) to 'U0/i_synth/MULT.OP/EXP/STATE_DEC_DELAY/i_pipe/opt_has_pipe.first_q_reg[7]'
INFO: [Synth 8-3886] merging instance 'U0/i_synth/MULT.OP/EXP/STATE_DEC_DELAY/i_pipe/opt_has_pipe.first_q_reg[6]' (FD) to 'U0/i_synth/MULT.OP/EXP/STATE_DEC_DELAY/i_pipe/opt_has_pipe.first_q_reg[7]'
INFO: [Synth 8-3333] propagating constant 0 across sequential element (U0/i_synth/\MULT.OP/EXP/STATE_DEC_DELAY/i_pipe/opt_has_pipe.first_q_reg[7] )
INFO: [Synth 8-3332] Sequential element (gDSP.gHYBRID.iHYBRID/one_fabric_mult.bypass_delay/dN_hlutnm.srl_loop[0].i_fdre0) is unused and will be removed from module mult_gen_v12_0_13_viv.
INFO: [Synth 8-3332] Sequential element (gDSP.gHYBRID.iHYBRID/one_fabric_mult.bypass_delay/dN_hlutnm.srl_loop[0].i_fdre1) is unused and will be removed from module mult_gen_v12_0_13_viv.
INFO: [Synth 8-3332] Sequential element (gDSP.gHYBRID.iHYBRID/one_fabric_mult.bypass_delay/dN_hlutnm.srl_loop[1].i_fdre0) is unused and will be removed from module mult_gen_v12_0_13_viv.
INFO: [Synth 8-3332] Sequential element (gDSP.gHYBRID.iHYBRID/one_fabric_mult.bypass_delay/dN_hlutnm.srl_loop[1].i_fdre1) is unused and will be removed from module mult_gen_v12_0_13_viv.
INFO: [Synth 8-3332] Sequential element (gDSP.gHYBRID.iHYBRID/one_fabric_mult.bypass_delay/dN_hlutnm.srl_loop[2].i_fdre0) is unused and will be removed from module mult_gen_v12_0_13_viv.
INFO: [Synth 8-3332] Sequential element (gDSP.gHYBRID.iHYBRID/one_fabric_mult.bypass_delay/dN_hlutnm.srl_loop[2].i_fdre1) is unused and will be removed from module mult_gen_v12_0_13_viv.
INFO: [Synth 8-3332] Sequential element (gDSP.gHYBRID.iHYBRID/one_fabric_mult.bypass_delay/dN_hlutnm.runt_srl_loop.i_fdre) is unused and will be removed from module mult_gen_v12_0_13_viv.
INFO: [Synth 8-3332] Sequential element (gDSP.gHYBRID.iHYBRID/one_fabric_mult.iLUT/NxM_mult.stage_2_add.stage_2_pipeline.s2_add_out_reg[0][32]) is unused and will be removed from module mult_gen_v12_0_13_viv.
INFO: [Synth 8-3332] Sequential element (gDSP.gHYBRID.iHYBRID/one_fabric_mult.iLUT/NxM_mult.stage_2_add.stage_2_pipeline.s2_add_out_reg[0][31]) is unused and will be removed from module mult_gen_v12_0_13_viv.
INFO: [Synth 8-3332] Sequential element (gDSP.gHYBRID.iHYBRID/one_fabric_mult.iLUT/NxM_mult.stage_1_add.stage_1_pipeline.s1_add_out_reg[0][28]) is unused and will be removed from module mult_gen_v12_0_13_viv.
INFO: [Synth 8-3332] Sequential element (MULT.OP/EXP/STATE_DEC_DELAY/i_pipe/opt_has_pipe.first_q_reg[7]) is unused and will be removed from module floating_point_v7_1_5_viv.
---------------------------------------------------------------------------------
Finished Cross Boundary and Area Optimization : Time (s): cpu = 00:00:11 ; elapsed = 00:00:29 . Memory (MB): peak = 688.008 ; gain = 432.977
---------------------------------------------------------------------------------

Report RTL Partitions: 
+-+--------------+------------+----------+
| |RTL Partition |Replication |Instances |
+-+--------------+------------+----------+
+-+--------------+------------+----------+
---------------------------------------------------------------------------------
Start Applying XDC Timing Constraints
---------------------------------------------------------------------------------
---------------------------------------------------------------------------------
Finished Applying XDC Timing Constraints : Time (s): cpu = 00:00:17 ; elapsed = 00:00:40 . Memory (MB): peak = 784.703 ; gain = 529.672
---------------------------------------------------------------------------------
---------------------------------------------------------------------------------
Start Timing Optimization
---------------------------------------------------------------------------------
---------------------------------------------------------------------------------
Finished Timing Optimization : Time (s): cpu = 00:00:17 ; elapsed = 00:00:40 . Memory (MB): peak = 804.855 ; gain = 549.824
---------------------------------------------------------------------------------

Report RTL Partitions: 
+-+--------------+------------+----------+
| |RTL Partition |Replication |Instances |
+-+--------------+------------+----------+
+-+--------------+------------+----------+
---------------------------------------------------------------------------------
Start Technology Mapping
---------------------------------------------------------------------------------
---------------------------------------------------------------------------------
Finished Technology Mapping : Time (s): cpu = 00:00:17 ; elapsed = 00:00:40 . Memory (MB): peak = 806.160 ; gain = 551.129
---------------------------------------------------------------------------------

Report RTL Partitions: 
+-+--------------+------------+----------+
| |RTL Partition |Replication |Instances |
+-+--------------+------------+----------+
+-+--------------+------------+----------+
---------------------------------------------------------------------------------
Start IO Insertion
---------------------------------------------------------------------------------
---------------------------------------------------------------------------------
Start Flattening Before IO Insertion
---------------------------------------------------------------------------------
---------------------------------------------------------------------------------
Finished Flattening Before IO Insertion
---------------------------------------------------------------------------------
---------------------------------------------------------------------------------
Start Final Netlist Cleanup
---------------------------------------------------------------------------------
---------------------------------------------------------------------------------
Finished Final Netlist Cleanup
---------------------------------------------------------------------------------
---------------------------------------------------------------------------------
Finished IO Insertion : Time (s): cpu = 00:00:18 ; elapsed = 00:00:41 . Memory (MB): peak = 806.160 ; gain = 551.129
---------------------------------------------------------------------------------

Report Check Netlist: 
+------+------------------+-------+---------+-------+------------------+
|      |Item              |Errors |Warnings |Status |Description       |
+------+------------------+-------+---------+-------+------------------+
|1     |multi_driven_nets |      0|        0|Passed |Multi driven nets |
+------+------------------+-------+---------+-------+------------------+
---------------------------------------------------------------------------------
Start Renaming Generated Instances
---------------------------------------------------------------------------------
---------------------------------------------------------------------------------
Finished Renaming Generated Instances : Time (s): cpu = 00:00:18 ; elapsed = 00:00:41 . Memory (MB): peak = 806.160 ; gain = 551.129
---------------------------------------------------------------------------------

Report RTL Partitions: 
+-+--------------+------------+----------+
| |RTL Partition |Replication |Instances |
+-+--------------+------------+----------+
+-+--------------+------------+----------+
---------------------------------------------------------------------------------
Start Rebuilding User Hierarchy
---------------------------------------------------------------------------------
---------------------------------------------------------------------------------
Finished Rebuilding User Hierarchy : Time (s): cpu = 00:00:18 ; elapsed = 00:00:41 . Memory (MB): peak = 806.160 ; gain = 551.129
---------------------------------------------------------------------------------
---------------------------------------------------------------------------------
Start Renaming Generated Ports
---------------------------------------------------------------------------------
---------------------------------------------------------------------------------
Finished Renaming Generated Ports : Time (s): cpu = 00:00:18 ; elapsed = 00:00:41 . Memory (MB): peak = 806.160 ; gain = 551.129
---------------------------------------------------------------------------------
---------------------------------------------------------------------------------
Start Handling Custom Attributes
---------------------------------------------------------------------------------
---------------------------------------------------------------------------------
Finished Handling Custom Attributes : Time (s): cpu = 00:00:18 ; elapsed = 00:00:41 . Memory (MB): peak = 806.160 ; gain = 551.129
---------------------------------------------------------------------------------
---------------------------------------------------------------------------------
Start Renaming Generated Nets
---------------------------------------------------------------------------------
---------------------------------------------------------------------------------
Finished Renaming Generated Nets : Time (s): cpu = 00:00:18 ; elapsed = 00:00:41 . Memory (MB): peak = 806.160 ; gain = 551.129
---------------------------------------------------------------------------------
---------------------------------------------------------------------------------
Start Writing Synthesis Report
---------------------------------------------------------------------------------

Report BlackBoxes: 
+-+--------------+----------+
| |BlackBox name |Instances |
+-+--------------+----------+
+-+--------------+----------+

Report Cell Usage: 
+------+---------+------+
|      |Cell     |Count |
+------+---------+------+
|1     |CARRY4   |    21|
|2     |DSP48E1  |     1|
|3     |LUT1     |     1|
|4     |LUT2     |    75|
|5     |LUT3     |    53|
|6     |LUT4     |    75|
|7     |LUT5     |    11|
|8     |LUT6     |    15|
|9     |MULT_AND |    72|
|10    |MUXCY    |   125|
|11    |SRL16E   |    17|
|12    |XORCY    |   120|
|13    |FDE      |     4|
|14    |FDRE     |   364|
+------+---------+------+
---------------------------------------------------------------------------------
Finished Writing Synthesis Report : Time (s): cpu = 00:00:18 ; elapsed = 00:00:41 . Memory (MB): peak = 806.160 ; gain = 551.129
---------------------------------------------------------------------------------
Synthesis finished with 0 errors, 0 critical warnings and 54 warnings.
Synthesis Optimization Runtime : Time (s): cpu = 00:00:10 ; elapsed = 00:00:35 . Memory (MB): peak = 806.160 ; gain = 365.617
Synthesis Optimization Complete : Time (s): cpu = 00:00:18 ; elapsed = 00:00:41 . Memory (MB): peak = 806.160 ; gain = 551.129
INFO: [Project 1-571] Translating synthesized netlist
INFO: [Netlist 29-17] Analyzing 343 Unisim elements for replacement
INFO: [Netlist 29-28] Unisim Transformation completed in 0 CPU seconds
INFO: [Project 1-570] Preparing netlist for logic optimization
INFO: [Opt 31-138] Pushed 0 inverter(s) to 0 load pin(s).
INFO: [Project 1-111] Unisim Transformation Summary:
  A total of 111 instances were transformed.
  (MUXCY,XORCY) => CARRY4: 35 instances
  FDE => FDRE: 4 instances
  MULT_AND => LUT2: 72 instances

INFO: [Common 17-83] Releasing license: Synthesis
72 Infos, 100 Warnings, 0 Critical Warnings and 0 Errors encountered.
synth_design completed successfully
synth_design: Time (s): cpu = 00:00:19 ; elapsed = 00:00:44 . Memory (MB): peak = 806.160 ; gain = 562.605
INFO: [Common 17-1381] The checkpoint 'C:/Vivado/Final_Project/Final_Project.runs/floating_point_1_synth_1/floating_point_1.dcp' has been generated.
